<?xml version="1.0" encoding="UTF-8"?>
<!-- Generated by org.testng.reporters.JUnitReportReporter -->
<testsuite hostname="MINHLY-PC" name="tests.TestCase02" tests="1" failures="0" timestamp="17 May 2019 23:26:36 GMT" time="9.885" errors="0">
  <testcase name="Test" time="9.885" classname="tests.TestCase02"/>
</testsuite> <!-- tests.TestCase02 -->
