<?xml version="1.0" encoding="UTF-8"?>
<!-- Generated by org.testng.reporters.JUnitReportReporter -->
<testsuite hostname="MINHLY-PC" name="tests.TestCase1" tests="1" failures="0" timestamp="16 May 2019 09:11:27 GMT" time="0.023" errors="0">
  <testcase name="Test1" time="0.023" classname="tests.TestCase1"/>
</testsuite> <!-- tests.TestCase1 -->
